<?xml version="1.0" encoding="UTF-8"?>
<!-- Generated by org.testng.reporters.JUnitReportReporter -->
<testsuite hostname="DESKTOP-AS0B957" name="testCases.VerifyLogInPageWithExtentReport" tests="1" failures="0" timestamp="18 Jul 2016 05:03:08 GMT" time="20.479" errors="0">
  <testcase name="testHomePage" time="20.479" classname="testCases.VerifyLogInPageWithExtentReport"/>
</testsuite> <!-- testCases.VerifyLogInPageWithExtentReport -->
