<?xml version="1.0" encoding="UTF-8"?>
<!-- Generated by org.testng.reporters.JUnitReportReporter -->
<testsuite hostname="DESKTOP-AS0B957" name="testCases.VerifyHomePage" tests="1" failures="0" timestamp="18 Jul 2016 04:36:52 GMT" time="10.617" errors="0">
  <testcase name="testHomePage" time="10.617" classname="testCases.VerifyHomePage"/>
</testsuite> <!-- testCases.VerifyHomePage -->
