<?xml version="1.0" encoding="UTF-8"?>
<!-- Generated by org.testng.reporters.JUnitReportReporter -->
<testsuite hostname="DESKTOP-AS0B957" name="testCases.VerifyLogInPage" tests="1" failures="0" timestamp="18 Jul 2016 04:36:52 GMT" time="23.508" errors="0">
  <testcase name="testHomePage" time="23.508" classname="testCases.VerifyLogInPage"/>
</testsuite> <!-- testCases.VerifyLogInPage -->
